<?xml version="1.0" encoding="UTF-8"?>
<!-- Generated by org.testng.reporters.JUnitReportReporter -->
<testsuite hostname="DESKTOP-B7ML8PG" failures="0" tests="3" name="com.Ecommerce.TestScripts.InvalidLoginTest" time="3.336" errors="0" timestamp="29 Mar 2025 07:43:45 GMT" skipped="0">
  <testcase classname="com.Ecommerce.TestScripts.InvalidLoginTest" name="invalidLogin" time="1.212"/>
  <testcase classname="com.Ecommerce.TestScripts.InvalidLoginTest" name="invalidLogin" time="1.061"/>
  <testcase classname="com.Ecommerce.TestScripts.InvalidLoginTest" name="invalidLogin" time="1.063"/>
</testsuite> <!-- com.Ecommerce.TestScripts.InvalidLoginTest -->
