<?xml version="1.0" encoding="UTF-8"?>
<!-- Generated by org.testng.reporters.JUnitReportReporter -->
<testsuite hostname="DESKTOP-B7ML8PG" failures="0" tests="1" name="com.Ecommerce.TestScripts.LoginTest" time="2.145" errors="0" timestamp="29 Mar 2025 09:24:51 GMT" skipped="0">
  <testcase classname="com.Ecommerce.TestScripts.LoginTest" name="login" time="2.145"/>
</testsuite> <!-- com.Ecommerce.TestScripts.LoginTest -->
