<?xml version="1.0" encoding="UTF-8"?>
<!-- Generated by org.testng.reporters.JUnitReportReporter -->
<testsuite hostname="DESKTOP-B7ML8PG" failures="0" tests="1" name="com.Ecommerce.TestScripts.LoginTest" time="3.816" errors="0" timestamp="29 Mar 2025 07:43:45 GMT" skipped="0">
  <testcase classname="com.Ecommerce.TestScripts.LoginTest" name="login" time="3.816"/>
</testsuite> <!-- com.Ecommerce.TestScripts.LoginTest -->
