<?xml version="1.0" encoding="UTF-8"?>
<!-- Generated by org.testng.reporters.JUnitReportReporter -->
<testsuite hostname="DESKTOP-B7ML8PG" failures="0" tests="1" name="com.Ecommerce.TestScripts.RegisterTest" time="7.442" errors="0" timestamp="29 Mar 2025 07:43:45 GMT" skipped="0">
  <testcase classname="com.Ecommerce.TestScripts.RegisterTest" name="register" time="7.442"/>
</testsuite> <!-- com.Ecommerce.TestScripts.RegisterTest -->
